<?xml version="1.0" encoding="UTF-8"?>
<testng-results ignored="0" total="1" passed="1" failed="0" skipped="0">
  <reporter-output>
  </reporter-output>
  <suite started-at="2024-12-31T17:04:52 IST" name="Default suite" finished-at="2024-12-31T17:05:00 IST" duration-ms="7300">
    <groups>
    </groups>
    <test started-at="2024-12-31T17:04:52 IST" name="Default test" finished-at="2024-12-31T17:05:00 IST" duration-ms="7300">
      <class name="testPkg.SearchTest">
        <test-method is-config="true" signature="setUp()[pri:0, instance:testPkg.SearchTest@79e4c792]" started-at="2024-12-31T17:04:52 IST" name="setUp" finished-at="2024-12-31T17:04:59 IST" duration-ms="6762" status="PASS">
          <reporter-output>
          </reporter-output>
        </test-method> <!-- setUp -->
        <test-method signature="searchTestFun()[pri:0, instance:testPkg.SearchTest@79e4c792]" started-at="2024-12-31T17:04:59 IST" name="searchTestFun" finished-at="2024-12-31T17:05:00 IST" duration-ms="477" status="PASS">
          <reporter-output>
          </reporter-output>
        </test-method> <!-- searchTestFun -->
      </class> <!-- testPkg.SearchTest -->
    </test> <!-- Default test -->
  </suite> <!-- Default suite -->
</testng-results>
